[Thu Oct  2 15:46:31 CEST 2025] Ingestion Begins...
[Thu Oct  2 15:46:32 CEST 2025] Ingestion Successful
[Thu Oct  2 15:46:32 CEST 2025] Transformation Begins...
[Thu Oct  2 15:46:32 CEST 2025] Transformation Successful
[Sat Oct  4 00:00:01 CEST 2025] Ingestion Begins...
[Sat Oct  4 00:00:02 CEST 2025] Ingestion Successful
[Sat Oct  4 00:00:02 CEST 2025] Transformation Begins...
[Sat Oct  4 00:00:02 CEST 2025] Transformation Successful
[Sun Oct  5 00:00:01 CEST 2025] Ingestion Begins...
[Sun Oct  5 00:00:01 CEST 2025] Ingestion Successful
[Sun Oct  5 00:00:01 CEST 2025] Transformation Begins...
[Sun Oct  5 00:00:01 CEST 2025] Transformation Successful
[Mon Oct  6 00:00:01 CEST 2025] Ingestion Begins...
[Mon Oct  6 00:00:01 CEST 2025] Ingestion Successful
[Mon Oct  6 00:00:01 CEST 2025] Transformation Begins...
[Mon Oct  6 00:00:01 CEST 2025] Transformation Successful
[Tue Oct  7 00:00:01 CEST 2025] Ingestion Begins...
[Tue Oct  7 00:00:01 CEST 2025] Ingestion Successful
[Tue Oct  7 00:00:01 CEST 2025] Transformation Begins...
[Tue Oct  7 00:00:01 CEST 2025] Transformation Successful
